<?xml version="1.0" encoding="UTF-8"?>
<testsuite name="javaserver.JavaServerApplicationTests" tests="0" skipped="0" failures="0" errors="0" timestamp="1970-01-01T00:00:00" hostname="xuruihoeMacBook" time="0.0">
  <properties/>
  <system-out><![CDATA[03:56:20.771 [Test worker] DEBUG org.springframework.test.context.junit4.SpringJUnit4ClassRunner - SpringJUnit4ClassRunner constructor called with [class javaserver.JavaServerApplicationTests]
03:56:20.777 [Test worker] DEBUG org.springframework.test.context.BootstrapUtils - Instantiating CacheAwareContextLoaderDelegate from class [org.springframework.test.context.cache.DefaultCacheAwareContextLoaderDelegate]
03:56:20.792 [Test worker] DEBUG org.springframework.test.context.BootstrapUtils - Instantiating BootstrapContext using constructor [public org.springframework.test.context.support.DefaultBootstrapContext(java.lang.Class,org.springframework.test.context.CacheAwareContextLoaderDelegate)]
03:56:20.810 [Test worker] DEBUG org.springframework.test.context.BootstrapUtils - Instantiating TestContextBootstrapper for test class [javaserver.JavaServerApplicationTests] from class [org.springframework.boot.test.context.SpringBootTestContextBootstrapper]
03:56:20.834 [Test worker] INFO org.springframework.boot.test.context.SpringBootTestContextBootstrapper - Neither @ContextConfiguration nor @ContextHierarchy found for test class [javaserver.JavaServerApplicationTests], using SpringBootContextLoader
03:56:20.838 [Test worker] DEBUG org.springframework.test.context.support.AbstractContextLoader - Did not detect default resource location for test class [javaserver.JavaServerApplicationTests]: class path resource [javaserver/JavaServerApplicationTests-context.xml] does not exist
03:56:20.838 [Test worker] DEBUG org.springframework.test.context.support.AbstractContextLoader - Did not detect default resource location for test class [javaserver.JavaServerApplicationTests]: class path resource [javaserver/JavaServerApplicationTestsContext.groovy] does not exist
03:56:20.839 [Test worker] INFO org.springframework.test.context.support.AbstractContextLoader - Could not detect default resource locations for test class [javaserver.JavaServerApplicationTests]: no resource found for suffixes {-context.xml, Context.groovy}.
03:56:20.840 [Test worker] INFO org.springframework.test.context.support.AnnotationConfigContextLoaderUtils - Could not detect default configuration classes for test class [javaserver.JavaServerApplicationTests]: JavaServerApplicationTests does not declare any static, non-private, non-final, nested classes annotated with @Configuration.
03:56:20.897 [Test worker] DEBUG org.springframework.test.context.support.ActiveProfilesUtils - Could not find an 'annotation declaring class' for annotation type [org.springframework.test.context.ActiveProfiles] and class [javaserver.JavaServerApplicationTests]
03:56:20.907 [Test worker] DEBUG org.springframework.core.env.StandardEnvironment - Adding PropertySource 'systemProperties' with lowest search precedence
03:56:20.907 [Test worker] DEBUG org.springframework.core.env.StandardEnvironment - Adding PropertySource 'systemEnvironment' with lowest search precedence
03:56:20.914 [Test worker] DEBUG org.springframework.core.env.StandardEnvironment - Initialized StandardEnvironment with PropertySources [MapPropertySource@920895001 {name='systemProperties', properties={java.runtime.name=Java(TM) SE Runtime Environment, sun.boot.library.path=/Library/Java/JavaVirtualMachines/jdk1.8.0_71.jdk/Contents/Home/jre/lib, java.vm.version=25.71-b15, gopherProxySet=false, java.vm.vendor=Oracle Corporation, java.vendor.url=http://java.oracle.com/, path.separator=:, java.vm.name=Java HotSpot(TM) 64-Bit Server VM, file.encoding.pkg=sun.io, sun.java.launcher=SUN_STANDARD, user.country=TW, sun.os.patch.level=unknown, java.vm.specification.name=Java Virtual Machine Specification, user.dir=/Users/BruceHsu/Documents/JAVA專案管理/JavaEE_Workspace/JavaServer, java.runtime.version=1.8.0_71-b15, java.awt.graphicsenv=sun.awt.CGraphicsEnvironment, java.endorsed.dirs=/Library/Java/JavaVirtualMachines/jdk1.8.0_71.jdk/Contents/Home/jre/lib/endorsed, os.arch=x86_64, java.io.tmpdir=/var/folders/tb/j51f2k7j13sb37dk51xzv40h0000gn/T/, line.separator=
, java.vm.specification.vendor=Oracle Corporation, user.variant=, os.name=Mac OS X, sun.jnu.encoding=UTF-8, java.library.path=/Users/BruceHsu/Library/Java/Extensions:/Library/Java/Extensions:/Network/Library/Java/Extensions:/System/Library/Java/Extensions:/usr/lib/java:., java.specification.name=Java Platform API Specification, java.class.version=52.0, sun.management.compiler=HotSpot 64-Bit Tiered Compilers, os.version=10.13.1, http.nonProxyHosts=local|*.local|169.254/16|*.169.254/16, user.home=/Users/BruceHsu, user.timezone=Asia/Taipei, java.awt.printerjob=sun.lwawt.macosx.CPrinterJob, file.encoding=UTF-8, java.specification.version=1.8, java.class.path=/Users/BruceHsu/Documents/JAVA專案管理/JavaEE_Workspace/JavaServer/build/classes/test:/Users/BruceHsu/Documents/JAVA專案管理/JavaEE_Workspace/JavaServer/build/resources/test:/Users/BruceHsu/Documents/JAVA專案管理/JavaEE_Workspace/JavaServer/build/classes/main:/Users/BruceHsu/Documents/JAVA專案管理/JavaEE_Workspace/JavaServer/build/resources/main:/Users/BruceHsu/.gradle/caches/modules-2/files-2.1/org.springframework.boot/spring-boot-starter-data-jpa/1.5.9.RELEASE/8628320876aa12cc406216523effe954fbd354c0/spring-boot-starter-data-jpa-1.5.9.RELEASE.jar:/Users/BruceHsu/.gradle/caches/modules-2/files-2.1/org.springframework.boot/spring-boot-starter-security/1.5.9.RELEASE/f6ee3598d26440007927c67371406f2433c13e2d/spring-boot-starter-security-1.5.9.RELEASE.jar:/Users/BruceHsu/.gradle/caches/modules-2/files-2.1/org.springframework.boot/spring-boot-starter-web/1.5.9.RELEASE/bda9733d5e6ba6d1a97deead1738713dc0631b3e/spring-boot-starter-web-1.5.9.RELEASE.jar:/Users/BruceHsu/.gradle/caches/modules-2/files-2.1/com.microsoft.sqlserver/mssql-jdbc/6.1.0.jre7/f1a9c339e6a363d587dd4fa52fa40ff50d667e05/mssql-jdbc-6.1.0.jre7.jar:/Users/BruceHsu/.gradle/caches/modules-2/files-2.1/org.springframework.boot/spring-boot-starter-test/1.5.9.RELEASE/b5adf6fbf53be00b7ae52f657d564122edbe5156/spring-boot-starter-test-1.5.9.RELEASE.jar:/Users/BruceHsu/.gradle/caches/modules-2/files-2.1/org.springframework.security/spring-security-test/4.2.3.RELEASE/f93339f597290d85a596f25a7841b9109b79ced6/spring-security-test-4.2.3.RELEASE.jar:/Users/BruceHsu/.gradle/caches/modules-2/files-2.1/org.springframework.boot/spring-boot-starter/1.5.9.RELEASE/6bfb34db2715ee86c6e2337fa145650588b4b1b3/spring-boot-starter-1.5.9.RELEASE.jar:/Users/BruceHsu/.gradle/caches/modules-2/files-2.1/org.springframework.boot/spring-boot-starter-aop/1.5.9.RELEASE/fab419df8d7a13968a51ebfcbcad7ef320d66184/spring-boot-starter-aop-1.5.9.RELEASE.jar:/Users/BruceHsu/.gradle/caches/modules-2/files-2.1/org.springframework.boot/spring-boot-starter-jdbc/1.5.9.RELEASE/6769ecea55e952afb64f17975638c5afd1e59ef3/spring-boot-starter-jdbc-1.5.9.RELEASE.jar:/Users/BruceHsu/.gradle/caches/modules-2/files-2.1/org.hibernate/hibernate-core/5.0.12.Final/e58bf1c660e6706d8e2cbb53bae110f574366102/hibernate-core-5.0.12.Final.jar:/Users/BruceHsu/.gradle/caches/modules-2/files-2.1/org.hibernate/hibernate-entitymanager/5.0.12.Final/302a526f5058290e9cbd719a5caf9f248d344719/hibernate-entitymanager-5.0.12.Final.jar:/Users/BruceHsu/.gradle/caches/modules-2/files-2.1/javax.transaction/javax.transaction-api/1.2/d81aff979d603edd90dcd8db2abc1f4ce6479e3e/javax.transaction-api-1.2.jar:/Users/BruceHsu/.gradle/caches/modules-2/files-2.1/org.springframework.data/spring-data-jpa/1.11.9.RELEASE/64c80f12361d5b74cf98a3433b59a5c961d78d38/spring-data-jpa-1.11.9.RELEASE.jar:/Users/BruceHsu/.gradle/caches/modules-2/files-2.1/org.springframework/spring-aspects/4.3.13.RELEASE/c91788e6b7c431379d0f7fe5f85f427d7e3f01ae/spring-aspects-4.3.13.RELEASE.jar:/Users/BruceHsu/.gradle/caches/modules-2/files-2.1/org.springframework/spring-aop/4.3.13.RELEASE/61f427b55951f59b50f3c2bd0de3c48960e2a342/spring-aop-4.3.13.RELEASE.jar:/Users/BruceHsu/.gradle/caches/modules-2/files-2.1/org.springframework.security/spring-security-config/4.2.3.RELEASE/9f3771903616e33521836fd999d63efbfebf90d/spring-security-config-4.2.3.RELEASE.jar:/Users/BruceHsu/.gradle/caches/modules-2/files-2.1/org.springframework.security/spring-security-web/4.2.3.RELEASE/7a03e737484ca232d7146852f06d067ac21427ac/spring-security-web-4.2.3.RELEASE.jar:/Users/BruceHsu/.gradle/caches/modules-2/files-2.1/org.springframework.boot/spring-boot-starter-tomcat/1.5.9.RELEASE/4615056f8a2bcad03ba8cdf410419ee3d101c5bb/spring-boot-starter-tomcat-1.5.9.RELEASE.jar:/Users/BruceHsu/.gradle/caches/modules-2/files-2.1/org.hibernate/hibernate-validator/5.3.6.Final/4c730be8bf55a8e9a61e79a2f2c079abf48b718/hibernate-validator-5.3.6.Final.jar:/Users/BruceHsu/.gradle/caches/modules-2/files-2.1/com.fasterxml.jackson.core/jackson-databind/2.8.10/f7b83cb2bc4b88d53961e749e1ad32f49ef017b7/jackson-databind-2.8.10.jar:/Users/BruceHsu/.gradle/caches/modules-2/files-2.1/org.springframework/spring-web/4.3.13.RELEASE/7cd084992d546165ede3e99bc31ee49c937f0ce7/spring-web-4.3.13.RELEASE.jar:/Users/BruceHsu/.gradle/caches/modules-2/files-2.1/org.springframework/spring-webmvc/4.3.13.RELEASE/87a095c7a1d13fe433ae6712787238c1dbaa6919/spring-webmvc-4.3.13.RELEASE.jar:/Users/BruceHsu/.gradle/caches/modules-2/files-2.1/com.microsoft.azure/azure-keyvault/0.9.3/4fdf9fb465677143dab121f2bbbc80afd46de647/azure-keyvault-0.9.3.jar:/Users/BruceHsu/.gradle/caches/modules-2/files-2.1/org.springframework.boot/spring-boot-test/1.5.9.RELEASE/7e604d56325f04a8b89a280e647746fc69e5a21f/spring-boot-test-1.5.9.RELEASE.jar:/Users/BruceHsu/.gradle/caches/modules-2/files-2.1/org.springframework.boot/spring-boot-test-autoconfigure/1.5.9.RELEASE/b428495e25b0531b2a977f51c5d29011c817b8ee/spring-boot-test-autoconfigure-1.5.9.RELEASE.jar:/Users/BruceHsu/.gradle/caches/modules-2/files-2.1/com.jayway.jsonpath/json-path/2.2.0/22290d17944bd239fabf5ac69005a60a7ecbbbcb/json-path-2.2.0.jar:/Users/BruceHsu/.gradle/caches/modules-2/files-2.1/junit/junit/4.12/2973d150c0dc1fefe998f834810d68f278ea58ec/junit-4.12.jar:/Users/BruceHsu/.gradle/caches/modules-2/files-2.1/org.assertj/assertj-core/2.6.0/b532c3fc4f66bcfee4989a3514f1cd56203a33ad/assertj-core-2.6.0.jar:/Users/BruceHsu/.gradle/caches/modules-2/files-2.1/org.mockito/mockito-core/1.10.19/e8546f5bef4e061d8dd73895b4e8f40e3fe6effe/mockito-core-1.10.19.jar:/Users/BruceHsu/.gradle/caches/modules-2/files-2.1/org.hamcrest/hamcrest-core/1.3/42a25dc3219429f0e5d060061f71acb49bf010a0/hamcrest-core-1.3.jar:/Users/BruceHsu/.gradle/caches/modules-2/files-2.1/org.hamcrest/hamcrest-library/1.3/4785a3c21320980282f9f33d0d1264a69040538f/hamcrest-library-1.3.jar:/Users/BruceHsu/.gradle/caches/modules-2/files-2.1/org.skyscreamer/jsonassert/1.4.0/9cdbb373a06f6513e51e8c545ee6a5e981463edb/jsonassert-1.4.0.jar:/Users/BruceHsu/.gradle/caches/modules-2/files-2.1/org.springframework/spring-core/4.3.13.RELEASE/eea18d7f4d01f1baa1b6728b678b5a6fe23c61f6/spring-core-4.3.13.RELEASE.jar:/Users/BruceHsu/.gradle/caches/modules-2/files-2.1/org.springframework/spring-test/4.3.13.RELEASE/f4ff71b0d628d37f334d4f1f197c1b8cea364d01/spring-test-4.3.13.RELEASE.jar:/Users/BruceHsu/.gradle/caches/modules-2/files-2.1/org.springframework.security/spring-security-core/4.2.3.RELEASE/5c0e47a47036c94d6fdd02696bf52be6d1adbd4d/spring-security-core-4.2.3.RELEASE.jar:/Users/BruceHsu/.gradle/caches/modules-2/files-2.1/org.springframework.boot/spring-boot/1.5.9.RELEASE/f472cdf948288796fb31e0bb03f6e7b022b763a0/spring-boot-1.5.9.RELEASE.jar:/Users/BruceHsu/.gradle/caches/modules-2/files-2.1/org.springframework.boot/spring-boot-autoconfigure/1.5.9.RELEASE/88dd18bdaf317ae40971573a051fd47265f2ed39/spring-boot-autoconfigure-1.5.9.RELEASE.jar:/Users/BruceHsu/.gradle/caches/modules-2/files-2.1/org.springframework.boot/spring-boot-starter-logging/1.5.9.RELEASE/30fd62a1ce9639759d90d49608501082314c1628/spring-boot-starter-logging-1.5.9.RELEASE.jar:/Users/BruceHsu/.gradle/caches/modules-2/files-2.1/org.yaml/snakeyaml/1.17/7a27ea250c5130b2922b86dea63cbb1cc10a660c/snakeyaml-1.17.jar:/Users/BruceHsu/.gradle/caches/modules-2/files-2.1/org.aspectj/aspectjweaver/1.8.13/ad94df2a28d658a40dc27bbaff6a1ce5fbf04e9b/aspectjweaver-1.8.13.jar:/Users/BruceHsu/.gradle/caches/modules-2/files-2.1/org.apache.tomcat/tomcat-jdbc/8.5.23/6036400a8f2d90dd3ae3a4d09e5136c56002887b/tomcat-jdbc-8.5.23.jar:/Users/BruceHsu/.gradle/caches/modules-2/files-2.1/org.springframework/spring-jdbc/4.3.13.RELEASE/68e95c2a065641559c7dab7b605bc5847ab026ad/spring-jdbc-4.3.13.RELEASE.jar:/Users/BruceHsu/.gradle/caches/modules-2/files-2.1/org.jboss.logging/jboss-logging/3.3.1.Final/c46217ab74b532568c0ed31dc599db3048bd1b67/jboss-logging-3.3.1.Final.jar:/Users/BruceHsu/.gradle/caches/modules-2/files-2.1/org.hibernate.javax.persistence/hibernate-jpa-2.1-api/1.0.0.Final/5e731d961297e5a07290bfaf3db1fbc8bbbf405a/hibernate-jpa-2.1-api-1.0.0.Final.jar:/Users/BruceHsu/.gradle/caches/modules-2/files-2.1/org.javassist/javassist/3.21.0-GA/598244f595db5c5fb713731eddbb1c91a58d959b/javassist-3.21.0-GA.jar:/Users/BruceHsu/.gradle/caches/modules-2/files-2.1/antlr/antlr/2.7.7/83cd2cd674a217ade95a4bb83a8a14f351f48bd0/antlr-2.7.7.jar:/Users/BruceHsu/.gradle/caches/modules-2/files-2.1/org.jboss/jandex/2.0.0.Final/3e899258936f94649c777193e1be846387ed54b3/jandex-2.0.0.Final.jar:/Users/BruceHsu/.gradle/caches/modules-2/files-2.1/dom4j/dom4j/1.6.1/5d3ccc056b6f056dbf0dddfdf43894b9065a8f94/dom4j-1.6.1.jar:/Users/BruceHsu/.gradle/caches/modules-2/files-2.1/org.hibernate.common/hibernate-commons-annotations/5.0.1.Final/71e1cff3fcb20d3b3af4f3363c3ddb24d33c6879/hibernate-commons-annotations-5.0.1.Final.jar:/Users/BruceHsu/.gradle/caches/modules-2/files-2.1/org.springframework.data/spring-data-commons/1.13.9.RELEASE/3910a598235d2e9c1ca56f34c5e62bb5ce23778/spring-data-commons-1.13.9.RELEASE.jar:/Users/BruceHsu/.gradle/caches/modules-2/files-2.1/org.springframework/spring-orm/4.3.13.RELEASE/382d3ce044204947f8f2b3fa67a665d4e2bd346f/spring-orm-4.3.13.RELEASE.jar:/Users/BruceHsu/.gradle/caches/modules-2/files-2.1/org.springframework/spring-context/4.3.13.RELEASE/6ab1c189a13182fa3256f6bbc68fafdaf8f5a19e/spring-context-4.3.13.RELEASE.jar:/Users/BruceHsu/.gradle/caches/modules-2/files-2.1/org.springframework/spring-tx/4.3.13.RELEASE/6ebf7b3f2099fa884038d9d7bd44817ebd9c5b4a/spring-tx-4.3.13.RELEASE.jar:/Users/BruceHsu/.gradle/caches/modules-2/files-2.1/org.springframework/spring-beans/4.3.13.RELEASE/8613a7077722f1d97f8cb3fea4b0b40bfadf4496/spring-beans-4.3.13.RELEASE.jar:/Users/BruceHsu/.gradle/caches/modules-2/files-2.1/org.slf4j/slf4j-api/1.7.25/da76ca59f6a57ee3102f8f9bd9cee742973efa8a/slf4j-api-1.7.25.jar:/Users/BruceHsu/.gradle/caches/modules-2/files-2.1/org.slf4j/jcl-over-slf4j/1.7.25/f8c32b13ff142a513eeb5b6330b1588dcb2c0461/jcl-over-slf4j-1.7.25.jar:/Users/BruceHsu/.gradle/caches/modules-2/files-2.1/aopalliance/aopalliance/1.0/235ba8b489512805ac13a8f9ea77a1ca5ebe3e8/aopalliance-1.0.jar:/Users/BruceHsu/.gradle/caches/modules-2/files-2.1/org.springframework/spring-expression/4.3.13.RELEASE/da22bf7df1262e429b49653be6cd5b89b6affe5e/spring-expression-4.3.13.RELEASE.jar:/Users/BruceHsu/.gradle/caches/modules-2/files-2.1/org.apache.tomcat.embed/tomcat-embed-core/8.5.23/79261793a47f507890ee08f749b9d81774e4f7f0/tomcat-embed-core-8.5.23.jar:/Users/BruceHsu/.gradle/caches/modules-2/files-2.1/org.apache.tomcat.embed/tomcat-embed-el/8.5.23/98d979cde444dffa6d434c8377d0123b2dfa614c/tomcat-embed-el-8.5.23.jar:/Users/BruceHsu/.gradle/caches/modules-2/files-2.1/org.apache.tomcat.embed/tomcat-embed-websocket/8.5.23/52f07abcae10dc7e1764304b0877def175c2c833/tomcat-embed-websocket-8.5.23.jar:/Users/BruceHsu/.gradle/caches/modules-2/files-2.1/javax.validation/validation-api/1.1.0.Final/8613ae82954779d518631e05daa73a6a954817d5/validation-api-1.1.0.Final.jar:/Users/BruceHsu/.gradle/caches/modules-2/files-2.1/com.fasterxml/classmate/1.3.4/3d5f48f10bbe4eb7bd862f10c0583be2e0053c6/classmate-1.3.4.jar:/Users/BruceHsu/.gradle/caches/modules-2/files-2.1/com.fasterxml.jackson.core/jackson-annotations/2.8.0/45b426f7796b741035581a176744d91090e2e6fb/jackson-annotations-2.8.0.jar:/Users/BruceHsu/.gradle/caches/modules-2/files-2.1/com.fasterxml.jackson.core/jackson-core/2.8.10/eb21a035c66ad307e66ec8fce37f5d50fd62d039/jackson-core-2.8.10.jar:/Users/BruceHsu/.gradle/caches/modules-2/files-2.1/com.microsoft.azure/azure-core/0.9.3/7fe32241b738aad0f700f4277fa998230c144ae7/azure-core-0.9.3.jar:/Users/BruceHsu/.gradle/caches/modules-2/files-2.1/org.apache.httpcomponents/httpclient/4.5.3/d1577ae15f01ef5438c5afc62162457c00a34713/httpclient-4.5.3.jar:/Users/BruceHsu/.gradle/caches/modules-2/files-2.1/javax.inject/javax.inject/1/6975da39a7040257bd51d21a231b76c915872d38/javax.inject-1.jar:/Users/BruceHsu/.gradle/caches/modules-2/files-2.1/com.microsoft.azure/adal4j/1.0.0/880e133fdc0082cda48bd12b7a07f1311c2a6d73/adal4j-1.0.0.jar:/Users/BruceHsu/.gradle/caches/modules-2/files-2.1/net.minidev/json-smart/2.2.1/5b9e5df7a62d1279b70dc882b041d249c4f0b002/json-smart-2.2.1.jar:/Users/BruceHsu/.gradle/caches/modules-2/files-2.1/org.objenesis/objenesis/2.1/87c0ea803b69252868d09308b4618f766f135a96/objenesis-2.1.jar:/Users/BruceHsu/.gradle/caches/modules-2/files-2.1/com.vaadin.external.google/android-json/0.0.20131108.vaadin1/fa26d351fe62a6a17f5cda1287c1c6110dec413f/android-json-0.0.20131108.vaadin1.jar:/Users/BruceHsu/.gradle/caches/modules-2/files-2.1/ch.qos.logback/logback-classic/1.1.11/ccedfbacef4a6515d2983e3f89ed753d5d4fb665/logback-classic-1.1.11.jar:/Users/BruceHsu/.gradle/caches/modules-2/files-2.1/org.slf4j/jul-to-slf4j/1.7.25/af5364cd6679bfffb114f0dec8a157aaa283b76/jul-to-slf4j-1.7.25.jar:/Users/BruceHsu/.gradle/caches/modules-2/files-2.1/org.slf4j/log4j-over-slf4j/1.7.25/a87bb47468f47ee7aabbd54f93e133d4215769c3/log4j-over-slf4j-1.7.25.jar:/Users/BruceHsu/.gradle/caches/modules-2/files-2.1/org.apache.tomcat/tomcat-juli/8.5.23/98e7f0610b7b2fb8303f11be0210e3f5a56a7d55/tomcat-juli-8.5.23.jar:/Users/BruceHsu/.gradle/caches/modules-2/files-2.1/org.apache.tomcat/tomcat-annotations-api/8.5.23/aaf17df9fe0240e9e9d5375d24d5f177174b73d9/tomcat-annotations-api-8.5.23.jar:/Users/BruceHsu/.gradle/caches/modules-2/files-2.1/commons-codec/commons-codec/1.10/4b95f4897fa13f2cd904aee711aeafc0c5295cd8/commons-codec-1.10.jar:/Users/BruceHsu/.gradle/caches/modules-2/files-2.1/commons-lang/commons-lang/2.6/ce1edb914c94ebc388f086c6827e8bdeec71ac2/commons-lang-2.6.jar:/Users/BruceHsu/.gradle/caches/modules-2/files-2.1/com.sun.jersey/jersey-client/1.13/ec38c57a78940bf5f8f5971307ca89406849647/jersey-client-1.13.jar:/Users/BruceHsu/.gradle/caches/modules-2/files-2.1/com.sun.jersey/jersey-json/1.13/f7346cce2c0e73afd39e2783c173ee134f79a0f9/jersey-json-1.13.jar:/Users/BruceHsu/.gradle/caches/modules-2/files-2.1/org.apache.httpcomponents/httpcore/4.4.8/70539e2a07865bab38b4153da1ce599cf081790a/httpcore-4.4.8.jar:/Users/BruceHsu/.gradle/caches/modules-2/files-2.1/com.nimbusds/oauth2-oidc-sdk/4.5/72d219d77265d50aee1ed294d05f39f332005aeb/oauth2-oidc-sdk-4.5.jar:/Users/BruceHsu/.gradle/caches/modules-2/files-2.1/com.google.code.gson/gson/2.8.2/3edcfe49d2c6053a70a2a47e4e1c2f94998a49cf/gson-2.8.2.jar:/Users/BruceHsu/.gradle/caches/modules-2/files-2.1/net.minidev/accessors-smart/1.1/a527213f2fea112a04c9bdf0ec0264e34104cd08/accessors-smart-1.1.jar:/Users/BruceHsu/.gradle/caches/modules-2/files-2.1/ch.qos.logback/logback-core/1.1.11/88b8df40340eed549fb07e2613879bf6b006704d/logback-core-1.1.11.jar:/Users/BruceHsu/.gradle/caches/modules-2/files-2.1/javax.activation/activation/1.1/e6cb541461c2834bdea3eb920f1884d1eb508b50/activation-1.1.jar:/Users/BruceHsu/.gradle/caches/modules-2/files-2.1/com.sun.jersey/jersey-core/1.13/4326a56dc6b2d67b7313905c353e1af225bb164f/jersey-core-1.13.jar:/Users/BruceHsu/.gradle/caches/modules-2/files-2.1/org.codehaus.jettison/jettison/1.1/1a01a2a1218fcf9faa2cc2a6ced025bdea687262/jettison-1.1.jar:/Users/BruceHsu/.gradle/caches/modules-2/files-2.1/com.sun.xml.bind/jaxb-impl/2.2.3-1/56baae106392040a45a06d4a41099173425da1e6/jaxb-impl-2.2.3-1.jar:/Users/BruceHsu/.gradle/caches/modules-2/files-2.1/org.codehaus.jackson/jackson-core-asl/1.9.2/8493982bba1727106d767034bd0d8e77bc1931a9/jackson-core-asl-1.9.2.jar:/Users/BruceHsu/.gradle/caches/modules-2/files-2.1/org.codehaus.jackson/jackson-mapper-asl/1.9.2/95400a7922ce75383866eb72f6ef4a7897923945/jackson-mapper-asl-1.9.2.jar:/Users/BruceHsu/.gradle/caches/modules-2/files-2.1/org.codehaus.jackson/jackson-jaxrs/1.9.2/aedf43f1d5005561e531b6bf0d067e4d20f58aba/jackson-jaxrs-1.9.2.jar:/Users/BruceHsu/.gradle/caches/modules-2/files-2.1/org.codehaus.jackson/jackson-xc/1.9.2/437c991a8eb2c8b69ef1dba2eba27fccb9b98448/jackson-xc-1.9.2.jar:/Users/BruceHsu/.gradle/caches/modules-2/files-2.1/net.jcip/jcip-annotations/1.0/afba4942caaeaf46aab0b976afd57cc7c181467e/jcip-annotations-1.0.jar:/Users/BruceHsu/.gradle/caches/modules-2/files-2.1/org.apache.commons/commons-lang3/3.3.1/6738a2da2202ce360f0af90aba005c1e05a2c4cd/commons-lang3-3.3.1.jar:/Users/BruceHsu/.gradle/caches/modules-2/files-2.1/com.nimbusds/lang-tag/1.4/61813ab726bac7955f9e99f6fd0345b8a6105ae5/lang-tag-1.4.jar:/Users/BruceHsu/.gradle/caches/modules-2/files-2.1/com.nimbusds/nimbus-jose-jwt/3.1.2/105c0ca7e1dc2c0bfaa1b8c65d7bc45231935e19/nimbus-jose-jwt-3.1.2.jar:/Users/BruceHsu/.gradle/caches/modules-2/files-2.1/stax/stax-api/1.0.1/49c100caf72d658aca8e58bd74a4ba90fa2b0d70/stax-api-1.0.1.jar:/Users/BruceHsu/.gradle/caches/modules-2/files-2.1/javax.xml.bind/jaxb-api/2.2.2/aeb3021ca93dde265796d82015beecdcff95bf09/jaxb-api-2.2.2.jar:/Users/BruceHsu/.gradle/caches/modules-2/files-2.1/org.bouncycastle/bcprov-jdk15on/1.51/9ab8afcc2842d5ef06eb775a0a2b12783b99aa80/bcprov-jdk15on-1.51.jar:/Users/BruceHsu/.gradle/caches/modules-2/files-2.1/javax.xml.stream/stax-api/1.0-2/d6337b0de8b25e53e81b922352fbea9f9f57ba0b/stax-api-1.0-2.jar:/Users/BruceHsu/.gradle/caches/modules-2/files-2.1/javax.mail/mail/1.4.7/9add058589d5d85adeb625859bf2c5eeaaedf12d/mail-1.4.7.jar:/Users/BruceHsu/.gradle/caches/modules-2/files-2.1/org.ow2.asm/asm/5.0.3/dcc2193db20e19e1feca8b1240dbbc4e190824fa/asm-5.0.3.jar, user.name=BruceHsu, java.vm.specification.version=1.8, sun.java.command=worker.org.gradle.process.internal.worker.GradleWorkerMain 'Gradle Test Executor 1', java.home=/Library/Java/JavaVirtualMachines/jdk1.8.0_71.jdk/Contents/Home/jre, sun.arch.data.model=64, user.language=zh, java.specification.vendor=Oracle Corporation, awt.toolkit=sun.lwawt.macosx.LWCToolkit, java.vm.info=mixed mode, java.version=1.8.0_71, java.ext.dirs=/Users/BruceHsu/Library/Java/Extensions:/Library/Java/JavaVirtualMachines/jdk1.8.0_71.jdk/Contents/Home/jre/lib/ext:/Library/Java/Extensions:/Network/Library/Java/Extensions:/System/Library/Java/Extensions:/usr/lib/java, sun.boot.class.path=/Library/Java/JavaVirtualMachines/jdk1.8.0_71.jdk/Contents/Home/jre/lib/resources.jar:/Library/Java/JavaVirtualMachines/jdk1.8.0_71.jdk/Contents/Home/jre/lib/rt.jar:/Library/Java/JavaVirtualMachines/jdk1.8.0_71.jdk/Contents/Home/jre/lib/sunrsasign.jar:/Library/Java/JavaVirtualMachines/jdk1.8.0_71.jdk/Contents/Home/jre/lib/jsse.jar:/Library/Java/JavaVirtualMachines/jdk1.8.0_71.jdk/Contents/Home/jre/lib/jce.jar:/Library/Java/JavaVirtualMachines/jdk1.8.0_71.jdk/Contents/Home/jre/lib/charsets.jar:/Library/Java/JavaVirtualMachines/jdk1.8.0_71.jdk/Contents/Home/jre/lib/jfr.jar:/Library/Java/JavaVirtualMachines/jdk1.8.0_71.jdk/Contents/Home/jre/classes, java.vendor=Oracle Corporation, org.gradle.test.worker=1, file.separator=/, java.vendor.url.bug=http://bugreport.sun.com/bugreport/, sun.io.unicode.encoding=UnicodeBig, sun.cpu.endian=little, socksNonProxyHosts=local|*.local|169.254/16|*.169.254/16, ftp.nonProxyHosts=local|*.local|169.254/16|*.169.254/16, sun.cpu.isalist=}}, SystemEnvironmentPropertySource@763874673 {name='systemEnvironment', properties={PATH=/usr/bin:/bin:/usr/sbin:/sbin, APP_ICON_892=../Resources/Eclipse.icns, SHELL=/bin/bash, JAVA_STARTED_ON_FIRST_THREAD_892=1, USER=BruceHsu, TMPDIR=/var/folders/tb/j51f2k7j13sb37dk51xzv40h0000gn/T/, SSH_AUTH_SOCK=/private/tmp/com.apple.launchd.uuX742i8lx/Listeners, XPC_FLAGS=0x0, __CF_USER_TEXT_ENCODING=0x1F5:0x2:0x35, JAVA_MAIN_CLASS_1045=worker.org.gradle.process.internal.worker.GradleWorkerMain, Apple_PubSub_Socket_Render=/private/tmp/com.apple.launchd.Iz6Sgqt0cT/Render, LOGNAME=BruceHsu, XPC_SERVICE_NAME=org.eclipse.platform.ide.1312, HOME=/Users/BruceHsu}}]
03:56:20.938 [Test worker] DEBUG org.springframework.core.io.support.PathMatchingResourcePatternResolver - Resolved classpath location [javaserver/] to resources [URL [file:/Users/BruceHsu/Documents/JAVA專案管理/JavaEE_Workspace/JavaServer/build/classes/test/javaserver/], URL [file:/Users/BruceHsu/Documents/JAVA專案管理/JavaEE_Workspace/JavaServer/build/classes/main/javaserver/]]
03:56:20.938 [Test worker] DEBUG org.springframework.core.io.support.PathMatchingResourcePatternResolver - Looking for matching resources in directory tree [/Users/BruceHsu/Documents/JAVA專案管理/JavaEE_Workspace/JavaServer/build/classes/test/javaserver]
03:56:20.939 [Test worker] DEBUG org.springframework.core.io.support.PathMatchingResourcePatternResolver - Searching directory [/Users/BruceHsu/Documents/JAVA專案管理/JavaEE_Workspace/JavaServer/build/classes/test/javaserver] for files matching pattern [/Users/BruceHsu/Documents/JAVA專案管理/JavaEE_Workspace/JavaServer/build/classes/test/javaserver/*.class]
03:56:20.943 [Test worker] DEBUG org.springframework.core.io.support.PathMatchingResourcePatternResolver - Looking for matching resources in directory tree [/Users/BruceHsu/Documents/JAVA專案管理/JavaEE_Workspace/JavaServer/build/classes/main/javaserver]
03:56:20.943 [Test worker] DEBUG org.springframework.core.io.support.PathMatchingResourcePatternResolver - Searching directory [/Users/BruceHsu/Documents/JAVA專案管理/JavaEE_Workspace/JavaServer/build/classes/main/javaserver] for files matching pattern [/Users/BruceHsu/Documents/JAVA專案管理/JavaEE_Workspace/JavaServer/build/classes/main/javaserver/*.class]
03:56:20.946 [Test worker] DEBUG org.springframework.core.io.support.PathMatchingResourcePatternResolver - Resolved location pattern [classpath*:javaserver/*.class] to resources [file [/Users/BruceHsu/Documents/JAVA專案管理/JavaEE_Workspace/JavaServer/build/classes/test/javaserver/JavaServerApplicationTests.class], file [/Users/BruceHsu/Documents/JAVA專案管理/JavaEE_Workspace/JavaServer/build/classes/main/javaserver/JavaServerApplication.class], file [/Users/BruceHsu/Documents/JAVA專案管理/JavaEE_Workspace/JavaServer/build/classes/main/javaserver/Login.class]]
03:56:21.008 [Test worker] DEBUG org.springframework.context.annotation.ClassPathScanningCandidateComponentProvider - Identified candidate component class: file [/Users/BruceHsu/Documents/JAVA專案管理/JavaEE_Workspace/JavaServer/build/classes/main/javaserver/JavaServerApplication.class]
03:56:21.018 [Test worker] INFO org.springframework.boot.test.context.SpringBootTestContextBootstrapper - Found @SpringBootConfiguration javaserver.JavaServerApplication for test class javaserver.JavaServerApplicationTests
03:56:21.025 [Test worker] DEBUG org.springframework.boot.test.context.SpringBootTestContextBootstrapper - @TestExecutionListeners is not present for class [javaserver.JavaServerApplicationTests]: using defaults.
03:56:21.032 [Test worker] INFO org.springframework.boot.test.context.SpringBootTestContextBootstrapper - Loaded default TestExecutionListener class names from location [META-INF/spring.factories]: [org.springframework.security.test.context.support.WithSecurityContextTestExecutionListener, org.springframework.boot.test.mock.mockito.MockitoTestExecutionListener, org.springframework.boot.test.mock.mockito.ResetMocksTestExecutionListener, org.springframework.boot.test.autoconfigure.restdocs.RestDocsTestExecutionListener, org.springframework.boot.test.autoconfigure.web.client.MockRestServiceServerResetTestExecutionListener, org.springframework.boot.test.autoconfigure.web.servlet.MockMvcPrintOnlyOnFailureTestExecutionListener, org.springframework.boot.test.autoconfigure.web.servlet.WebDriverTestExecutionListener, org.springframework.test.context.web.ServletTestExecutionListener, org.springframework.test.context.support.DirtiesContextBeforeModesTestExecutionListener, org.springframework.test.context.support.DependencyInjectionTestExecutionListener, org.springframework.test.context.support.DirtiesContextTestExecutionListener, org.springframework.test.context.transaction.TransactionalTestExecutionListener, org.springframework.test.context.jdbc.SqlScriptsTestExecutionListener]
03:56:21.068 [Test worker] INFO org.springframework.boot.test.context.SpringBootTestContextBootstrapper - Using TestExecutionListeners: [org.springframework.test.context.web.ServletTestExecutionListener@1d55e903, org.springframework.test.context.support.DirtiesContextBeforeModesTestExecutionListener@3f89655f, org.springframework.boot.test.autoconfigure.SpringBootDependencyInjectionTestExecutionListener@aa12c2b, org.springframework.test.context.support.DirtiesContextTestExecutionListener@6560ce22, org.springframework.test.context.transaction.TransactionalTestExecutionListener@57cf3e7c, org.springframework.test.context.jdbc.SqlScriptsTestExecutionListener@23980a47, org.springframework.security.test.context.support.WithSecurityContextTestExecutionListener@20dbaa6b, org.springframework.boot.test.autoconfigure.web.client.MockRestServiceServerResetTestExecutionListener@4329618c, org.springframework.boot.test.autoconfigure.restdocs.RestDocsTestExecutionListener@6d3b9b4b, org.springframework.boot.test.mock.mockito.ResetMocksTestExecutionListener@e927e99, org.springframework.boot.test.mock.mockito.MockitoTestExecutionListener@73e715d2, org.springframework.boot.test.autoconfigure.web.servlet.MockMvcPrintOnlyOnFailureTestExecutionListener@7b4a3f23, org.springframework.boot.test.autoconfigure.web.servlet.WebDriverTestExecutionListener@4a9a02c2]
03:56:21.112 [Test worker] DEBUG org.springframework.test.annotation.ProfileValueUtils - Retrieved @ProfileValueSourceConfiguration [null] for test class [javaserver.JavaServerApplicationTests]
03:56:21.113 [Test worker] DEBUG org.springframework.test.annotation.ProfileValueUtils - Retrieved ProfileValueSource type [class org.springframework.test.annotation.SystemProfileValueSource] for class [javaserver.JavaServerApplicationTests]
]]></system-out>
  <system-err><![CDATA[]]></system-err>
</testsuite>
